<?xml version="1.0" encoding="utf-8"?><testsuites name="pytest tests"><testsuite name="pytest" errors="0" failures="0" skipped="0" tests="11" time="3.031" timestamp="2026-02-21T13:03:27.085719+00:00" hostname="agent-env-b95e3be7-bcd5-4f6a-a5a3-32552e1f20c4"><testcase classname="tests.test_invoices_api.TestInvoicesAPI" name="test_health_check" time="0.275" /><testcase classname="tests.test_invoices_api.TestInvoicesAPI" name="test_get_all_invoices" time="0.141" /><testcase classname="tests.test_invoices_api.TestInvoicesAPI" name="test_get_invoice_by_id" time="0.217" /><testcase classname="tests.test_invoices_api.TestInvoicesAPI" name="test_get_nonexistent_invoice_returns_404" time="0.102" /><testcase classname="tests.test_invoices_api.TestInvoicesAPI" name="test_create_invoice_with_mixed_currency" time="0.509" /><testcase classname="tests.test_invoices_api.TestInvoicesAPI" name="test_update_invoice_modify_expenses" time="0.587" /><testcase classname="tests.test_invoices_api.TestInvoicesAPI" name="test_update_invoice_change_currency_per_expense" time="0.432" /><testcase classname="tests.test_invoices_api.TestInvoicesAPI" name="test_update_nonexistent_invoice_returns_404" time="0.106" /><testcase classname="tests.test_invoices_api.TestCustomersAndExpenses" name="test_get_customers" time="0.107" /><testcase classname="tests.test_invoices_api.TestCustomersAndExpenses" name="test_get_expense_heads" time="0.113" /><testcase classname="tests.test_invoices_api.TestCleanup" name="test_cleanup_test_invoices" time="0.328" /></testsuite></testsuites>